<?xml version="1.0" encoding="UTF-8"?>
<!-- Generated by org.testng.reporters.JUnitXMLReporter -->
<testsuite hostname="DESKTOP-A15AP0F" ignored="0" name="Test" tests="7" failures="4" timestamp="2021-07-01T22:54:28 IST" time="330.976" errors="0">
  <testcase name="loginTest" time="3.553" classname="com.iNetBanking.testCases.TC_LoginPageTest_001"/>
  <testcase name="loginDDT" time="62.25" classname="com.iNetBanking.testCases.TC_LoginPage_DDT_002"/>
  <testcase name="loginDDT" time="28.981" classname="com.iNetBanking.testCases.TC_LoginPage_DDT_002">
    <failure type="java.lang.AssertionError">
      <![CDATA[java.lang.AssertionError
at org.junit.Assert.fail(Assert.java:86)
at org.junit.Assert.assertTrue(Assert.java:41)
at org.junit.Assert.assertTrue(Assert.java:52)
at com.iNetBanking.testCases.TC_LoginPage_DDT_002.loginDDT(TC_LoginPage_DDT_002.java:43)
at java.util.ArrayList.forEach(ArrayList.java:1257)
... Removed 27 stack frames]]>
    </failure>
  </testcase> <!-- loginDDT -->
  <testcase name="loginDDT" time="44.023" classname="com.iNetBanking.testCases.TC_LoginPage_DDT_002"/>
  <testcase name="loginDDT" time="28.874" classname="com.iNetBanking.testCases.TC_LoginPage_DDT_002">
    <failure type="java.lang.AssertionError">
      <![CDATA[java.lang.AssertionError
at org.junit.Assert.fail(Assert.java:86)
at org.junit.Assert.assertTrue(Assert.java:41)
at org.junit.Assert.assertTrue(Assert.java:52)
at com.iNetBanking.testCases.TC_LoginPage_DDT_002.loginDDT(TC_LoginPage_DDT_002.java:43)
at java.util.ArrayList.forEach(ArrayList.java:1257)
... Removed 27 stack frames]]>
    </failure>
  </testcase> <!-- loginDDT -->
  <testcase name="loginDDT" time="42.872" classname="com.iNetBanking.testCases.TC_LoginPage_DDT_002">
    <failure type="java.lang.AssertionError">
      <![CDATA[java.lang.AssertionError
at org.junit.Assert.fail(Assert.java:86)
at org.junit.Assert.assertTrue(Assert.java:41)
at org.junit.Assert.assertTrue(Assert.java:52)
at com.iNetBanking.testCases.TC_LoginPage_DDT_002.loginDDT(TC_LoginPage_DDT_002.java:43)
at java.util.ArrayList.forEach(ArrayList.java:1257)
... Removed 27 stack frames]]>
    </failure>
  </testcase> <!-- loginDDT -->
  <testcase name="loginDDT" time="56.448" classname="com.iNetBanking.testCases.TC_LoginPage_DDT_002">
    <failure type="java.lang.AssertionError">
      <![CDATA[java.lang.AssertionError
at org.junit.Assert.fail(Assert.java:86)
at org.junit.Assert.assertTrue(Assert.java:41)
at org.junit.Assert.assertTrue(Assert.java:52)
at com.iNetBanking.testCases.TC_LoginPage_DDT_002.loginDDT(TC_LoginPage_DDT_002.java:43)
at java.util.ArrayList.forEach(ArrayList.java:1257)
... Removed 27 stack frames]]>
    </failure>
  </testcase> <!-- loginDDT -->
</testsuite> <!-- Test -->
