<?xml version="1.0" encoding="UTF-8"?>
<testng-results skipped="0" failed="0" ignored="0" total="1" passed="1">
  <reporter-output>
  </reporter-output>
  <suite name="Default suite" duration-ms="30941" started-at="2021-06-26T22:09:40 IST" finished-at="2021-06-26T22:10:11 IST">
    <groups>
    </groups>
    <test name="Default test" duration-ms="30941" started-at="2021-06-26T22:09:40 IST" finished-at="2021-06-26T22:10:11 IST">
      <class name="com.iNetBanking.testCases.TC_LoginPageTest_001">
        <test-method status="PASS" signature="browserInvoke()[pri:0, instance:com.iNetBanking.testCases.TC_LoginPageTest_001@11438d26]" name="browserInvoke" is-config="true" duration-ms="17978" started-at="2021-06-26T22:09:40 IST" finished-at="2021-06-26T22:09:58 IST">
          <reporter-output>
          </reporter-output>
        </test-method> <!-- browserInvoke -->
        <test-method status="PASS" signature="loginTest()[pri:0, instance:com.iNetBanking.testCases.TC_LoginPageTest_001@11438d26]" name="loginTest" duration-ms="11640" started-at="2021-06-26T22:09:58 IST" finished-at="2021-06-26T22:10:10 IST">
          <reporter-output>
          </reporter-output>
        </test-method> <!-- loginTest -->
        <test-method status="PASS" signature="tearDown()[pri:0, instance:com.iNetBanking.testCases.TC_LoginPageTest_001@11438d26]" name="tearDown" is-config="true" duration-ms="1035" started-at="2021-06-26T22:10:10 IST" finished-at="2021-06-26T22:10:11 IST">
          <reporter-output>
          </reporter-output>
        </test-method> <!-- tearDown -->
      </class> <!-- com.iNetBanking.testCases.TC_LoginPageTest_001 -->
    </test> <!-- Default test -->
  </suite> <!-- Default suite -->
</testng-results>
